


          SolidWorks Corporation - STEP Processor Error Log
          ______________________________________________________

                       STEP Post Processor
                       ___________________


STEP File Name: F:\Project\3D Model\EFIS 3D Cover\PCB1.step


曲面已成功地形成实体。
STEP-in 完成曲面已成功地形成实体。
STEP-in 完成曲面已成功地形成实体。
STEP-in 完成曲面已成功地形成实体。
STEP-in 完成曲面已成功地形成实体。
STEP-in 完成
Error: 无法从剪裁的曲面生成实体。
STEP-in 无法成功完成
曲面已成功地形成实体。
STEP-in 完成曲面已成功地形成实体。
STEP-in 完成曲面已成功地形成实体。
STEP-in 完成曲面已成功地形成实体。
STEP-in 完成曲面已成功地形成实体。
STEP-in 完成曲面已成功地形成实体。
STEP-in 完成曲面已成功地形成实体。
STEP-in 完成曲面已成功地形成实体。
STEP-in 完成曲面已成功地形成实体。
STEP-in 完成曲面已成功地形成实体。
STEP-in 完成曲面已成功地形成实体。
STEP-in 完成曲面已成功地形成实体。
STEP-in 完成曲面已成功地形成实体。
STEP-in 完成曲面已成功地形成实体。
STEP-in 完成曲面已成功地形成实体。
STEP-in 完成曲面已成功地形成实体。
STEP-in 完成曲面已成功地形成实体。
STEP-in 完成曲面已成功地形成实体。
STEP-in 完成曲面已成功地形成实体。
STEP-in 完成曲面已成功地形成实体。
STEP-in 完成
Error: 无法从剪裁的曲面生成实体。
STEP-in 无法成功完成
曲面已成功地形成实体。
STEP-in 完成曲面已成功地形成实体。
STEP-in 完成曲面已成功地形成实体。
STEP-in 完成曲面已成功地形成实体。
STEP-in 完成曲面已成功地形成实体。
STEP-in 完成曲面已成功地形成实体。
STEP-in 完成曲面已成功地形成实体。
STEP-in 完成曲面已成功地形成实体。
STEP-in 完成曲面已成功地形成实体。
STEP-in 完成曲面已成功地形成实体。
STEP-in 完成曲面已成功地形成实体。
STEP-in 完成曲面已成功地形成实体。
STEP-in 完成曲面已成功地形成实体。
STEP-in 完成曲面已成功地形成实体。
STEP-in 完成曲面已成功地形成实体。
STEP-in 完成曲面已成功地形成实体。
STEP-in 完成曲面已成功地形成实体。
STEP-in 完成曲面已成功地形成实体。
STEP-in 完成曲面已成功地形成实体。
STEP-in 完成曲面已成功地形成实体。
STEP-in 完成
Error: 无法从剪裁的曲面生成实体。
STEP-in 无法成功完成
曲面已成功地形成实体。
STEP-in 完成曲面已成功地形成实体。
STEP-in 完成曲面已成功地形成实体。
STEP-in 完成曲面已成功地形成实体。
STEP-in 完成曲面已成功地形成实体。
STEP-in 完成曲面已成功地形成实体。
STEP-in 完成曲面已成功地形成实体。
STEP-in 完成曲面已成功地形成实体。
STEP-in 完成曲面已成功地形成实体。
STEP-in 完成曲面已成功地形成实体。
STEP-in 完成曲面已成功地形成实体。
STEP-in 完成曲面已成功地形成实体。
STEP-in 完成曲面已成功地形成实体。
STEP-in 完成曲面已成功地形成实体。
STEP-in 完成曲面已成功地形成实体。
STEP-in 完成曲面已成功地形成实体。
STEP-in 完成曲面已成功地形成实体。
STEP-in 完成曲面已成功地形成实体。
STEP-in 完成曲面已成功地形成实体。
STEP-in 完成曲面已成功地形成实体。
STEP-in 完成曲面已成功地形成实体。
STEP-in 完成曲面已成功地形成实体。
STEP-in 完成曲面已成功地形成实体。
STEP-in 完成曲面已成功地形成实体。
STEP-in 完成曲面已成功地形成实体。
STEP-in 完成曲面已成功地形成实体。
STEP-in 完成曲面已成功地形成实体。
STEP-in 完成曲面已成功地形成实体。
STEP-in 完成曲面已成功地形成实体。
STEP-in 完成曲面已成功地形成实体。
STEP-in 完成曲面已成功地形成实体。
STEP-in 完成曲面已成功地形成实体。
STEP-in 完成曲面已成功地形成实体。
STEP-in 完成曲面已成功地形成实体。
STEP-in 完成曲面已成功地形成实体。
STEP-in 完成曲面已成功地形成实体。
STEP-in 完成曲面已成功地形成实体。
STEP-in 完成曲面已成功地形成实体。
STEP-in 完成曲面已成功地形成实体。
STEP-in 完成
Error: 无法从剪裁的曲面生成实体。
STEP-in 无法成功完成
曲面已成功地形成实体。
STEP-in 完成曲面已成功地形成实体。
STEP-in 完成曲面已成功地形成实体。
STEP-in 完成曲面已成功地形成实体。
STEP-in 完成曲面已成功地形成实体。
STEP-in 完成曲面已成功地形成实体。
STEP-in 完成曲面已成功地形成实体。
STEP-in 完成曲面已成功地形成实体。
STEP-in 完成曲面已成功地形成实体。
STEP-in 完成曲面已成功地形成实体。
STEP-in 完成曲面已成功地形成实体。
STEP-in 完成曲面已成功地形成实体。
STEP-in 完成
Error: 无法从剪裁的曲面生成实体。
STEP-in 无法成功完成
曲面已成功地形成实体。
STEP-in 完成曲面已成功地形成实体。
STEP-in 完成曲面已成功地形成实体。
STEP-in 完成曲面已成功地形成实体。
STEP-in 完成曲面已成功地形成实体。
STEP-in 完成曲面已成功地形成实体。
STEP-in 完成曲面已成功地形成实体。
STEP-in 完成曲面已成功地形成实体。
STEP-in 完成曲面已成功地形成实体。
STEP-in 完成曲面已成功地形成实体。
STEP-in 完成曲面已成功地形成实体。
STEP-in 完成曲面已成功地形成实体。
STEP-in 完成曲面已成功地形成实体。
STEP-in 完成曲面已成功地形成实体。
STEP-in 完成曲面已成功地形成实体。
STEP-in 完成曲面已成功地形成实体。
STEP-in 完成曲面已成功地形成实体。
STEP-in 完成曲面已成功地形成实体。
STEP-in 完成
Error: 无法从剪裁的曲面生成实体。
STEP-in 无法成功完成
曲面已成功地形成实体。
STEP-in 完成
Error: 无法从剪裁的曲面生成实体。
STEP-in 无法成功完成
曲面已成功地形成实体。
STEP-in 完成曲面已成功地形成实体。
STEP-in 完成
Error: 无法从剪裁的曲面生成实体。
STEP-in 无法成功完成
曲面已成功地形成实体。
STEP-in 完成曲面已成功地形成实体。
STEP-in 完成曲面已成功地形成实体。
STEP-in 完成
Error: 无法从剪裁的曲面生成实体。
STEP-in 无法成功完成
曲面已成功地形成实体。
STEP-in 完成曲面已成功地形成实体。
STEP-in 完成曲面已成功地形成实体。
STEP-in 完成
Error: 无法从剪裁的曲面生成实体。
STEP-in 无法成功完成
曲面已成功地形成实体。
STEP-in 完成曲面已成功地形成实体。
STEP-in 完成曲面已成功地形成实体。
STEP-in 完成曲面已成功地形成实体。
STEP-in 完成曲面已成功地形成实体。
STEP-in 完成
Error: 无法从剪裁的曲面生成实体。
STEP-in 无法成功完成
曲面已成功地形成实体。
STEP-in 完成曲面已成功地形成实体。
STEP-in 完成曲面已成功地形成实体。
STEP-in 完成曲面已成功地形成实体。
STEP-in 完成曲面已成功地形成实体。
STEP-in 完成曲面已成功地形成实体。
STEP-in 完成曲面已成功地形成实体。
STEP-in 完成曲面已成功地形成实体。
STEP-in 完成曲面已成功地形成实体。
STEP-in 完成曲面已成功地形成实体。
STEP-in 完成曲面已成功地形成实体。
STEP-in 完成曲面已成功地形成实体。
STEP-in 完成曲面已成功地形成实体。
STEP-in 完成曲面已成功地形成实体。
STEP-in 完成曲面已成功地形成实体。
STEP-in 完成曲面已成功地形成实体。
STEP-in 完成曲面已成功地形成实体。
STEP-in 完成曲面已成功地形成实体。
STEP-in 完成曲面已成功地形成实体。
STEP-in 完成曲面已成功地形成实体。
STEP-in 完成曲面已成功地形成实体。
STEP-in 完成曲面已成功地形成实体。
STEP-in 完成
Error: 无法从剪裁的曲面生成实体。
STEP-in 无法成功完成
曲面已成功地形成实体。
STEP-in 完成曲面已成功地形成实体。
STEP-in 完成曲面已成功地形成实体。
STEP-in 完成曲面已成功地形成实体。
STEP-in 完成曲面已成功地形成实体。
STEP-in 完成曲面已成功地形成实体。
STEP-in 完成曲面已成功地形成实体。
STEP-in 完成曲面已成功地形成实体。
STEP-in 完成曲面已成功地形成实体。
STEP-in 完成曲面已成功地形成实体。
STEP-in 完成曲面已成功地形成实体。
STEP-in 完成曲面已成功地形成实体。
STEP-in 完成曲面已成功地形成实体。
STEP-in 完成曲面已成功地形成实体。
STEP-in 完成曲面已成功地形成实体。
STEP-in 完成曲面已成功地形成实体。
STEP-in 完成曲面已成功地形成实体。
STEP-in 完成曲面已成功地形成实体。
STEP-in 完成曲面已成功地形成实体。
STEP-in 完成曲面已成功地形成实体。
STEP-in 完成曲面已成功地形成实体。
STEP-in 完成曲面已成功地形成实体。
STEP-in 完成曲面已成功地形成实体。
STEP-in 完成
Error: 无法从剪裁的曲面生成实体。
STEP-in 无法成功完成
曲面已成功地形成实体。
STEP-in 完成曲面已成功地形成实体。
STEP-in 完成曲面已成功地形成实体。
STEP-in 完成曲面已成功地形成实体。
STEP-in 完成曲面已成功地形成实体。
STEP-in 完成曲面已成功地形成实体。
STEP-in 完成曲面已成功地形成实体。
STEP-in 完成曲面已成功地形成实体。
STEP-in 完成曲面已成功地形成实体。
STEP-in 完成曲面已成功地形成实体。
STEP-in 完成曲面已成功地形成实体。
STEP-in 完成曲面已成功地形成实体。
STEP-in 完成曲面已成功地形成实体。
STEP-in 完成
Error: 无法从剪裁的曲面生成实体。
STEP-in 无法成功完成
曲面已成功地形成实体。
STEP-in 完成曲面已成功地形成实体。
STEP-in 完成曲面已成功地形成实体。
STEP-in 完成曲面已成功地形成实体。
STEP-in 完成曲面已成功地形成实体。
STEP-in 完成曲面已成功地形成实体。
STEP-in 完成曲面已成功地形成实体。
STEP-in 完成曲面已成功地形成实体。
STEP-in 完成曲面已成功地形成实体。
STEP-in 完成曲面已成功地形成实体。
STEP-in 完成曲面已成功地形成实体。
STEP-in 完成曲面已成功地形成实体。
STEP-in 完成曲面已成功地形成实体。
STEP-in 完成曲面已成功地形成实体。
STEP-in 完成曲面已成功地形成实体。
STEP-in 完成曲面已成功地形成实体。
STEP-in 完成曲面已成功地形成实体。
STEP-in 完成曲面已成功地形成实体。
STEP-in 完成曲面已成功地形成实体。
STEP-in 完成
Error: 无法从剪裁的曲面生成实体。
STEP-in 无法成功完成
曲面已成功地形成实体。
STEP-in 完成曲面已成功地形成实体。
STEP-in 完成曲面已成功地形成实体。
STEP-in 完成曲面已成功地形成实体。
STEP-in 完成曲面已成功地形成实体。
STEP-in 完成曲面已成功地形成实体。
STEP-in 完成曲面已成功地形成实体。
STEP-in 完成曲面已成功地形成实体。
STEP-in 完成曲面已成功地形成实体。
STEP-in 完成曲面已成功地形成实体。
STEP-in 完成曲面已成功地形成实体。
STEP-in 完成曲面已成功地形成实体。
STEP-in 完成曲面已成功地形成实体。
STEP-in 完成曲面已成功地形成实体。
STEP-in 完成
Error: 无法从剪裁的曲面生成实体。
STEP-in 无法成功完成
曲面已成功地形成实体。
STEP-in 完成曲面已成功地形成实体。
STEP-in 完成
Error: 无法从剪裁的曲面生成实体。
STEP-in 无法成功完成
曲面已成功地形成实体。
STEP-in 完成曲面已成功地形成实体。
STEP-in 完成
Error: 无法从剪裁的曲面生成实体。
STEP-in 无法成功完成
曲面已成功地形成实体。
STEP-in 完成
Error: 无法从剪裁的曲面生成实体。
STEP-in 无法成功完成
曲面已成功地形成实体。
STEP-in 完成曲面已成功地形成实体。
STEP-in 完成曲面已成功地形成实体。
STEP-in 完成
Error: 无法从剪裁的曲面生成实体。
STEP-in 无法成功完成
曲面已成功地形成实体。
STEP-in 完成曲面已成功地形成实体。
STEP-in 完成曲面已成功地形成实体。
STEP-in 完成曲面已成功地形成实体。
STEP-in 完成曲面已成功地形成实体。
STEP-in 完成
Error: 无法从剪裁的曲面生成实体。
STEP-in 无法成功完成
曲面已成功地形成实体。
STEP-in 完成曲面已成功地形成实体。
STEP-in 完成曲面已成功地形成实体。
STEP-in 完成曲面已成功地形成实体。
STEP-in 完成曲面已成功地形成实体。
STEP-in 完成曲面已成功地形成实体。
STEP-in 完成曲面已成功地形成实体。
STEP-in 完成曲面已成功地形成实体。
STEP-in 完成曲面已成功地形成实体。
STEP-in 完成曲面已成功地形成实体。
STEP-in 完成曲面已成功地形成实体。
STEP-in 完成曲面已成功地形成实体。
STEP-in 完成曲面已成功地形成实体。
STEP-in 完成曲面已成功地形成实体。
STEP-in 完成曲面已成功地形成实体。
STEP-in 完成曲面已成功地形成实体。
STEP-in 完成曲面已成功地形成实体。
STEP-in 完成曲面已成功地形成实体。
STEP-in 完成曲面已成功地形成实体。
STEP-in 完成曲面已成功地形成实体。
STEP-in 完成曲面已成功地形成实体。
STEP-in 完成曲面已成功地形成实体。
STEP-in 完成曲面已成功地形成实体。
STEP-in 完成曲面已成功地形成实体。
STEP-in 完成曲面已成功地形成实体。
STEP-in 完成
Error: 无法从剪裁的曲面生成实体。
STEP-in 无法成功完成
曲面已成功地形成实体。
STEP-in 完成曲面已成功地形成实体。
STEP-in 完成曲面已成功地形成实体。
STEP-in 完成曲面已成功地形成实体。
STEP-in 完成曲面已成功地形成实体。
STEP-in 完成曲面已成功地形成实体。
STEP-in 完成曲面已成功地形成实体。
STEP-in 完成曲面已成功地形成实体。
STEP-in 完成曲面已成功地形成实体。
STEP-in 完成曲面已成功地形成实体。
STEP-in 完成曲面已成功地形成实体。
STEP-in 完成曲面已成功地形成实体。
STEP-in 完成曲面已成功地形成实体。
STEP-in 完成曲面已成功地形成实体。
STEP-in 完成曲面已成功地形成实体。
STEP-in 完成曲面已成功地形成实体。
STEP-in 完成曲面已成功地形成实体。
STEP-in 完成曲面已成功地形成实体。
STEP-in 完成曲面已成功地形成实体。
STEP-in 完成曲面已成功地形成实体。
STEP-in 完成曲面已成功地形成实体。
STEP-in 完成曲面已成功地形成实体。
STEP-in 完成曲面已成功地形成实体。
STEP-in 完成曲面已成功地形成实体。
STEP-in 完成
Error: 无法从剪裁的曲面生成实体。
STEP-in 无法成功完成
曲面已成功地形成实体。
STEP-in 完成曲面已成功地形成实体。
STEP-in 完成曲面已成功地形成实体。
STEP-in 完成曲面已成功地形成实体。
STEP-in 完成曲面已成功地形成实体。
STEP-in 完成曲面已成功地形成实体。
STEP-in 完成曲面已成功地形成实体。
STEP-in 完成曲面已成功地形成实体。
STEP-in 完成曲面已成功地形成实体。
STEP-in 完成曲面已成功地形成实体。
STEP-in 完成曲面已成功地形成实体。
STEP-in 完成曲面已成功地形成实体。
STEP-in 完成曲面已成功地形成实体。
STEP-in 完成
Error: 无法从剪裁的曲面生成实体。
STEP-in 无法成功完成
曲面已成功地形成实体。
STEP-in 完成曲面已成功地形成实体。
STEP-in 完成曲面已成功地形成实体。
STEP-in 完成曲面已成功地形成实体。
STEP-in 完成曲面已成功地形成实体。
STEP-in 完成曲面已成功地形成实体。
STEP-in 完成